==30214== Memcheck, a memory error detector
==30214== Copyright (C) 2002-2017, and GNU GPL'd, by Julian Seward et al.
==30214== Using Valgrind-3.15.0 and LibVEX; rerun with -h for copyright info
==30214== Command: ./a.out
==30214== Parent PID: 26760
==30214== 
==30214== Conditional jump or move depends on uninitialised value(s)
==30214==    at 0x483EF49: strlen (in /usr/lib/x86_64-linux-gnu/valgrind/vgpreload_memcheck-amd64-linux.so)
==30214==    by 0x10B761: Play (run.c:148)
==30214==    by 0x10C496: main (run.c:421)
==30214== 
==30214== Conditional jump or move depends on uninitialised value(s)
==30214==    at 0x483EDED: strncat (in /usr/lib/x86_64-linux-gnu/valgrind/vgpreload_memcheck-amd64-linux.so)
==30214==    by 0x10B731: Play (run.c:160)
==30214==    by 0x10C496: main (run.c:421)
==30214== 
==30214== 
==30214== HEAP SUMMARY:
==30214==     in use at exit: 77,104 bytes in 76 blocks
==30214==   total heap usage: 246 allocs, 170 frees, 234,212 bytes allocated
==30214== 
==30214== LEAK SUMMARY:
==30214==    definitely lost: 416 bytes in 1 blocks
==30214==    indirectly lost: 64,896 bytes in 52 blocks
==30214==      possibly lost: 0 bytes in 0 blocks
==30214==    still reachable: 11,792 bytes in 23 blocks
==30214==         suppressed: 0 bytes in 0 blocks
==30214== Rerun with --leak-check=full to see details of leaked memory
==30214== 
==30214== Use --track-origins=yes to see where uninitialised values come from
==30214== For lists of detected and suppressed errors, rerun with: -s
==30214== ERROR SUMMARY: 10 errors from 2 contexts (suppressed: 0 from 0)
